Sun Apr 16 2017 13:38:56 GMT-0700 (PDT) GOES APPOINTMENT CHECKER
Sun Apr 16 2017 13:39:00 GMT-0700 (PDT) Logging in...
Sun Apr 16 2017 13:39:01 GMT-0700 (PDT) Accepting terms...
Sun Apr 16 2017 13:39:02 GMT-0700 (PDT) Entering appointment management...
Sun Apr 16 2017 13:39:03 GMT-0700 (PDT) Get the earliest reschedule date...
Sun Apr 16 2017 13:39:03 GMT-0700 (PDT) Current date found: 04:00 PM San Francisco Global Entry Enrollment Center
Sun Apr 16 2017 13:39:05 GMT-0700 (PDT) Selecting enrollment center 5446
Sun Apr 16 2017 13:39:05 GMT-0700 (PDT) TypeError: null is not an object (evaluating 'document.querySelector('select[name=selectedEnrollmentCenter]').value = window.callPhantom('enrollment_location_id')')
Sun Apr 16 2017 13:39:05 GMT-0700 (PDT) Checking for earlier appointment...
Sun Apr 16 2017 13:39:05 GMT-0700 (PDT) TypeError: null is not an object (evaluating 'document.querySelector('.date table tr:first-child td:first-child').innerHTML')
Sun Apr 16 2017 13:39:26 GMT-0700 (PDT) GOES APPOINTMENT CHECKER
Sun Apr 16 2017 13:39:30 GMT-0700 (PDT) Logging in...
Sun Apr 16 2017 13:39:31 GMT-0700 (PDT) Accepting terms...
Sun Apr 16 2017 13:39:32 GMT-0700 (PDT) Entering appointment management...
Sun Apr 16 2017 13:39:33 GMT-0700 (PDT) Get the earliest reschedule date...
Sun Apr 16 2017 13:39:33 GMT-0700 (PDT) Current date found: 04:00 PM San Francisco Global Entry Enrollment Center
Sun Apr 16 2017 13:39:35 GMT-0700 (PDT) Selecting enrollment center 5446
Sun Apr 16 2017 13:39:35 GMT-0700 (PDT) TypeError: null is not an object (evaluating 'document.querySelector('select[name=selectedEnrollmentCenter]').value = window.callPhantom('enrollment_location_id')')
Sun Apr 16 2017 13:39:35 GMT-0700 (PDT) Checking for earlier appointment...
Sun Apr 16 2017 13:39:35 GMT-0700 (PDT) TypeError: null is not an object (evaluating 'document.querySelector('.date table tr:first-child td:first-child').innerHTML')
Sun Apr 16 2017 13:44:21 GMT-0700 (PDT) GOES APPOINTMENT CHECKER
Sun Apr 16 2017 13:44:25 GMT-0700 (PDT) Logging in...
Sun Apr 16 2017 13:44:26 GMT-0700 (PDT) Accepting terms...
Sun Apr 16 2017 13:44:27 GMT-0700 (PDT) Entering appointment management...
Sun Apr 16 2017 13:44:29 GMT-0700 (PDT) Get the earliest reschedule date...
Sun Apr 16 2017 13:44:29 GMT-0700 (PDT) Current date found: Oct 30, 2017 04:00 PM
Sun Apr 16 2017 13:44:30 GMT-0700 (PDT) Selecting enrollment center 5446
Sun Apr 16 2017 13:44:30 GMT-0700 (PDT) TypeError: null is not an object (evaluating 'document.querySelector('select[name=selectedEnrollmentCenter]').value = window.callPhantom('enrollment_location_id')')
Sun Apr 16 2017 13:44:30 GMT-0700 (PDT) Checking for earlier appointment...
Sun Apr 16 2017 13:44:30 GMT-0700 (PDT) TypeError: null is not an object (evaluating 'document.querySelector('.date table tr:first-child td:first-child').innerHTML')
Sun Apr 16 2017 13:47:00 GMT-0700 (PDT) GOES APPOINTMENT CHECKER
Sun Apr 16 2017 13:47:04 GMT-0700 (PDT) Logging in...
Sun Apr 16 2017 13:47:05 GMT-0700 (PDT) Accepting terms...
Sun Apr 16 2017 13:47:07 GMT-0700 (PDT) Entering appointment management...
Sun Apr 16 2017 13:47:08 GMT-0700 (PDT) Get the earliest reschedule date...
Sun Apr 16 2017 13:47:08 GMT-0700 (PDT) date = Oct 30, 2017 04:00 PM
Sun Apr 16 2017 13:47:08 GMT-0700 (PDT) Current date found: Oct 30, 2017 04:00 PM
Sun Apr 16 2017 13:47:10 GMT-0700 (PDT) Selecting enrollment center 5446
Sun Apr 16 2017 13:47:10 GMT-0700 (PDT) TypeError: null is not an object (evaluating 'document.querySelector('select[name=selectedEnrollmentCenter]').value = window.callPhantom('enrollment_location_id')')
Sun Apr 16 2017 13:47:10 GMT-0700 (PDT) Checking for earlier appointment...
Sun Apr 16 2017 13:47:10 GMT-0700 (PDT) TypeError: null is not an object (evaluating 'document.querySelector('.date table tr:first-child td:first-child').innerHTML')
Sun Apr 16 2017 13:55:01 GMT-0700 (PDT) GOES APPOINTMENT CHECKER
Sun Apr 16 2017 13:55:04 GMT-0700 (PDT) Logging in...
Sun Apr 16 2017 13:55:06 GMT-0700 (PDT) Accepting terms...
Sun Apr 16 2017 13:55:07 GMT-0700 (PDT) Entering appointment management...
Sun Apr 16 2017 13:55:08 GMT-0700 (PDT) Get the earliest reschedule date...
Sun Apr 16 2017 13:55:08 GMT-0700 (PDT) date = Oct 30, 2017 04:00 PM
Sun Apr 16 2017 13:55:08 GMT-0700 (PDT) Current date found: Oct 30, 2017 04:00 PM
Sun Apr 16 2017 13:55:10 GMT-0700 (PDT) Selecting enrollment center 5446
Sun Apr 16 2017 13:55:10 GMT-0700 (PDT) ReferenceError: Can't find variable: value
Sun Apr 16 2017 13:55:10 GMT-0700 (PDT) Checking for earlier appointment...
Sun Apr 16 2017 13:55:10 GMT-0700 (PDT) TypeError: null is not an object (evaluating 'document.querySelector('.date table tr:first-child td:first-child').innerHTML')
Sun Apr 16 2017 13:56:46 GMT-0700 (PDT) GOES APPOINTMENT CHECKER
Sun Apr 16 2017 13:56:50 GMT-0700 (PDT) Logging in...
Sun Apr 16 2017 13:56:51 GMT-0700 (PDT) Accepting terms...
Sun Apr 16 2017 13:56:52 GMT-0700 (PDT) Entering appointment management...
Sun Apr 16 2017 13:56:53 GMT-0700 (PDT) Get the earliest reschedule date...
Sun Apr 16 2017 13:56:53 GMT-0700 (PDT) date = Oct 30, 2017 04:00 PM
Sun Apr 16 2017 13:56:53 GMT-0700 (PDT) Current date found: Oct 30, 2017 04:00 PM
Sun Apr 16 2017 13:56:55 GMT-0700 (PDT) Selecting enrollment center 5446
Sun Apr 16 2017 13:56:55 GMT-0700 (PDT) ReferenceError: Can't find variable: value
Sun Apr 16 2017 13:56:55 GMT-0700 (PDT) Checking for earlier appointment...
Sun Apr 16 2017 13:56:55 GMT-0700 (PDT) TypeError: null is not an object (evaluating 'document.querySelector('.date table tr:first-child td:first-child').innerHTML')
Sun Apr 16 2017 13:58:11 GMT-0700 (PDT) GOES APPOINTMENT CHECKER
Sun Apr 16 2017 13:58:14 GMT-0700 (PDT) Logging in...
Sun Apr 16 2017 13:58:17 GMT-0700 (PDT) Accepting terms...
Sun Apr 16 2017 13:58:18 GMT-0700 (PDT) Entering appointment management...
Sun Apr 16 2017 13:58:19 GMT-0700 (PDT) Get the earliest reschedule date...
Sun Apr 16 2017 13:58:19 GMT-0700 (PDT) date = Oct 30, 2017 04:00 PM
Sun Apr 16 2017 13:58:19 GMT-0700 (PDT) Current date found: Oct 30, 2017 04:00 PM
Sun Apr 16 2017 13:58:20 GMT-0700 (PDT) Selecting enrollment center 5446
Sun Apr 16 2017 13:58:20 GMT-0700 (PDT) Found the input and clicking
Sun Apr 16 2017 13:58:20 GMT-0700 (PDT) Clicking next
Sun Apr 16 2017 13:58:23 GMT-0700 (PDT) Checking for earlier appointment...
Sun Apr 16 2017 13:58:23 GMT-0700 (PDT) Next date is October 12, 2017 08:00 AM
Sun Apr 16 2017 13:58:23 GMT-0700 (PDT) Earlier appt available on October 12, 2017 08:00 AM
2017-04-16 13:58:26.475069: Attempting to send notification email...
2017-04-16 13:58:26.486465: [Errno 61] Connection refused
Sun Apr 16 2017 13:58:55 GMT-0700 (PDT) GOES APPOINTMENT CHECKER
Sun Apr 16 2017 13:58:58 GMT-0700 (PDT) Logging in...
Sun Apr 16 2017 13:59:00 GMT-0700 (PDT) Accepting terms...
Sun Apr 16 2017 13:59:01 GMT-0700 (PDT) Entering appointment management...
Sun Apr 16 2017 13:59:02 GMT-0700 (PDT) Get the earliest reschedule date...
Sun Apr 16 2017 13:59:02 GMT-0700 (PDT) date = Oct 30, 2017 04:00 PM
Sun Apr 16 2017 13:59:02 GMT-0700 (PDT) Current date found: Oct 30, 2017 04:00 PM
Sun Apr 16 2017 13:59:04 GMT-0700 (PDT) Selecting enrollment center 5446
Sun Apr 16 2017 13:59:04 GMT-0700 (PDT) Found the input and clicking
Sun Apr 16 2017 13:59:04 GMT-0700 (PDT) Clicking next
Sun Apr 16 2017 13:59:07 GMT-0700 (PDT) Checking for earlier appointment...
Sun Apr 16 2017 13:59:07 GMT-0700 (PDT) Next date is October 12, 2017 08:00 AM
Sun Apr 16 2017 13:59:07 GMT-0700 (PDT) Earlier appt available on October 12, 2017 08:00 AM
Sun Apr 16 2017 13:59:08 GMT-0700 (PDT) Scheduling earlier appointment
2017-04-16 13:59:11.499541: Attempting to send notification email...
2017-04-16 13:59:11.502415: [Errno 61] Connection refused
Sun Apr 16 2017 14:00:06 GMT-0700 (PDT) GOES APPOINTMENT CHECKER
Sun Apr 16 2017 14:00:09 GMT-0700 (PDT) Logging in...
Sun Apr 16 2017 14:00:11 GMT-0700 (PDT) Accepting terms...
Sun Apr 16 2017 14:00:12 GMT-0700 (PDT) Entering appointment management...
Sun Apr 16 2017 14:00:13 GMT-0700 (PDT) Get the earliest reschedule date...
Sun Apr 16 2017 14:00:13 GMT-0700 (PDT) date = Oct 12, 2017 08:00 AM
Sun Apr 16 2017 14:00:13 GMT-0700 (PDT) Current date found: Oct 12, 2017 08:00 AM
Sun Apr 16 2017 14:00:15 GMT-0700 (PDT) Selecting enrollment center 5446
Sun Apr 16 2017 14:00:15 GMT-0700 (PDT) Clicking next
Sun Apr 16 2017 14:00:15 GMT-0700 (PDT) TypeError: null is not an object (evaluating 'document.querySelector('input[name=next]').click')
Sun Apr 16 2017 14:00:15 GMT-0700 (PDT) Checking for earlier appointment...
Sun Apr 16 2017 14:00:15 GMT-0700 (PDT) TypeError: null is not an object (evaluating 'document.querySelector('.date table tr:first-child td:first-child').innerHTML')
Sun Apr 16 2017 14:00:45 GMT-0700 (PDT) GOES APPOINTMENT CHECKER
Sun Apr 16 2017 14:00:48 GMT-0700 (PDT) Logging in...
Sun Apr 16 2017 14:00:50 GMT-0700 (PDT) Accepting terms...
Sun Apr 16 2017 14:00:51 GMT-0700 (PDT) Entering appointment management...
Sun Apr 16 2017 14:00:52 GMT-0700 (PDT) Get the earliest reschedule date...
Sun Apr 16 2017 14:00:52 GMT-0700 (PDT) date = Oct 12, 2017 08:00 AM
Sun Apr 16 2017 14:00:52 GMT-0700 (PDT) Current date found: Oct 12, 2017 08:00 AM
Sun Apr 16 2017 14:00:55 GMT-0700 (PDT) Selecting enrollment center 5446
Sun Apr 16 2017 14:00:55 GMT-0700 (PDT) Found the input and clicking
Sun Apr 16 2017 14:00:55 GMT-0700 (PDT) Clicking next
Sun Apr 16 2017 14:00:57 GMT-0700 (PDT) Checking for earlier appointment...
Sun Apr 16 2017 14:00:57 GMT-0700 (PDT) Next date is October 12, 2017 08:15 AM
2017-04-16 14:01:01.256974: No new appointments. Next available on 2017-10-12 08:15:00 (current is on 2017-10-12 08:00:00)
Sun Apr 16 2017 14:09:04 GMT-0700 (PDT) GOES APPOINTMENT CHECKER
Sun Apr 16 2017 14:09:08 GMT-0700 (PDT) Logging in...
Sun Apr 16 2017 14:09:09 GMT-0700 (PDT) Accepting terms...
Sun Apr 16 2017 14:09:11 GMT-0700 (PDT) Entering appointment management...
Sun Apr 16 2017 14:09:11 GMT-0700 (PDT) Get the earliest reschedule date...
Sun Apr 16 2017 14:09:11 GMT-0700 (PDT) date = Oct 27, 2017 09:45 PM
Sun Apr 16 2017 14:09:11 GMT-0700 (PDT) Current date found: Oct 27, 2017 09:45 PM
Sun Apr 16 2017 14:09:13 GMT-0700 (PDT) Selecting enrollment center 5446
Sun Apr 16 2017 14:09:13 GMT-0700 (PDT) Found the input and clicking
Sun Apr 16 2017 14:09:13 GMT-0700 (PDT) Clicking next
Sun Apr 16 2017 14:09:16 GMT-0700 (PDT) Checking for earlier appointment...
Sun Apr 16 2017 14:09:16 GMT-0700 (PDT) Next date is October 12, 2017 08:15 AM
Sun Apr 16 2017 14:09:16 GMT-0700 (PDT) Earlier appt available on October 12, 2017 08:15 AM
2017-04-16 14:09:20.045554: Attempting to send notification email...
2017-04-16 14:09:20.676272: (530, '5.5.1 Authentication Required. Learn more at\n5.5.1  https://support.google.com/mail/?p=WantAuthError h85sm10166482pfd.114 - gsmtp', u'aleksmovsesyan@gmail.com')
Sun Apr 16 2017 14:11:47 GMT-0700 (PDT) GOES APPOINTMENT CHECKER
Sun Apr 16 2017 14:11:50 GMT-0700 (PDT) Logging in...
Sun Apr 16 2017 14:11:52 GMT-0700 (PDT) Accepting terms...
Sun Apr 16 2017 14:11:53 GMT-0700 (PDT) Entering appointment management...
Sun Apr 16 2017 14:11:54 GMT-0700 (PDT) Get the earliest reschedule date...
Sun Apr 16 2017 14:11:54 GMT-0700 (PDT) date = Oct 27, 2017 09:45 PM
Sun Apr 16 2017 14:11:54 GMT-0700 (PDT) Current date found: Oct 27, 2017 09:45 PM
Sun Apr 16 2017 14:11:56 GMT-0700 (PDT) Selecting enrollment center 5446
Sun Apr 16 2017 14:11:56 GMT-0700 (PDT) Found the input and clicking
Sun Apr 16 2017 14:11:56 GMT-0700 (PDT) Clicking next
Sun Apr 16 2017 14:11:59 GMT-0700 (PDT) Checking for earlier appointment...
Sun Apr 16 2017 14:11:59 GMT-0700 (PDT) Next date is October 12, 2017 08:15 AM
Sun Apr 16 2017 14:11:59 GMT-0700 (PDT) Earlier appt available on October 12, 2017 08:15 AM
2017-04-16 14:12:02.828960: Attempting to send notification email...
2017-04-16 14:12:03.417525: (534, '5.7.14 <https://accounts.google.com/signin/continue?sarp=1&scc=1&plt=AKgnsbul\n5.7.14 7gW-LZnd5-lXs0Z9JWh3pUQ3n1XcYohP8-db80wM7TL4yVLjkIEsyUMIEdSY6ld131GdcY\n5.7.14 ES-xugqC7aEAag3evMDkT5DnG5fraQXfagOCMqlPSpfbYxzu169zCdmh0KT4KcWkotyYqB\n5.7.14 a2XkBAED9p7xH5RnJJzyHQAfkMF-h_rN67CTO0yYpo5woYOl_cWPR8unO0ZhADofgZdkz9\n5.7.14 BMYQ_AFLIPdSu7pGmwwOcptkhgCBA> Please log in via your web browser and\n5.7.14 then try again.\n5.7.14  Learn more at\n5.7.14  https://support.google.com/mail/answer/78754 b10sm13842348pfc.27 - gsmtp')
Sun Apr 16 2017 14:13:36 GMT-0700 (PDT) GOES APPOINTMENT CHECKER
Sun Apr 16 2017 14:13:39 GMT-0700 (PDT) Logging in...
Sun Apr 16 2017 14:13:41 GMT-0700 (PDT) Accepting terms...
Sun Apr 16 2017 14:13:42 GMT-0700 (PDT) Entering appointment management...
Sun Apr 16 2017 14:13:43 GMT-0700 (PDT) Get the earliest reschedule date...
Sun Apr 16 2017 14:13:43 GMT-0700 (PDT) date = Oct 27, 2017 09:45 PM
Sun Apr 16 2017 14:13:43 GMT-0700 (PDT) Current date found: Oct 27, 2017 09:45 PM
Sun Apr 16 2017 14:13:45 GMT-0700 (PDT) Selecting enrollment center 5446
Sun Apr 16 2017 14:13:45 GMT-0700 (PDT) Found the input and clicking
Sun Apr 16 2017 14:13:45 GMT-0700 (PDT) Clicking next
Sun Apr 16 2017 14:13:47 GMT-0700 (PDT) Checking for earlier appointment...
Sun Apr 16 2017 14:13:47 GMT-0700 (PDT) Next date is October 12, 2017 08:15 AM
Sun Apr 16 2017 14:13:47 GMT-0700 (PDT) Earlier appt available on October 12, 2017 08:15 AM
2017-04-16 14:13:51.893115: Attempting to send notification email...
Sun Apr 16 2017 14:14:33 GMT-0700 (PDT) GOES APPOINTMENT CHECKER
Sun Apr 16 2017 14:14:37 GMT-0700 (PDT) Logging in...
Sun Apr 16 2017 14:14:39 GMT-0700 (PDT) Accepting terms...
Sun Apr 16 2017 14:14:40 GMT-0700 (PDT) Entering appointment management...
Sun Apr 16 2017 14:14:41 GMT-0700 (PDT) Get the earliest reschedule date...
Sun Apr 16 2017 14:14:41 GMT-0700 (PDT) date = Oct 27, 2017 09:45 PM
Sun Apr 16 2017 14:14:41 GMT-0700 (PDT) Current date found: Oct 27, 2017 09:45 PM
Sun Apr 16 2017 14:14:45 GMT-0700 (PDT) Selecting enrollment center 5446
Sun Apr 16 2017 14:14:45 GMT-0700 (PDT) Found the input and clicking
Sun Apr 16 2017 14:14:45 GMT-0700 (PDT) Clicking next
Sun Apr 16 2017 14:14:48 GMT-0700 (PDT) Checking for earlier appointment...
Sun Apr 16 2017 14:14:48 GMT-0700 (PDT) Next date is October 12, 2017 08:15 AM
Sun Apr 16 2017 14:14:48 GMT-0700 (PDT) Earlier appt available on October 12, 2017 08:15 AM
Sun Apr 16 2017 14:14:49 GMT-0700 (PDT) Scheduling earlier appointment
2017-04-16 14:14:54.225316: Attempting to send notification email...
Sun Apr 16 2017 14:32:21 GMT-0700 (PDT) GOES APPOINTMENT CHECKER
Sun Apr 16 2017 14:32:25 GMT-0700 (PDT) Logging in...
Sun Apr 16 2017 14:32:27 GMT-0700 (PDT) Accepting terms...
Sun Apr 16 2017 14:32:29 GMT-0700 (PDT) Entering appointment management...
Sun Apr 16 2017 14:32:30 GMT-0700 (PDT) Get the earliest reschedule date...
Sun Apr 16 2017 14:32:30 GMT-0700 (PDT) date = Oct 12, 2017 08:00 AM
Sun Apr 16 2017 14:32:30 GMT-0700 (PDT) Current date found: Oct 12, 2017 08:00 AM
Sun Apr 16 2017 14:32:32 GMT-0700 (PDT) Selecting enrollment center 5446
Sun Apr 16 2017 14:32:32 GMT-0700 (PDT) Found the input and clicking
Sun Apr 16 2017 14:32:32 GMT-0700 (PDT) Clicking next
Sun Apr 16 2017 14:32:35 GMT-0700 (PDT) Checking for earlier appointment...
Sun Apr 16 2017 14:32:35 GMT-0700 (PDT) Next date is October 27, 2017 09:45 PM
2017-04-16 14:32:37.690731: No new appointments. Next available on 2017-10-27 09:45:00 (current is on 2017-10-12 08:00:00)
Sun Apr 16 2017 14:35:28 GMT-0700 (PDT) GOES APPOINTMENT CHECKER
Sun Apr 16 2017 14:35:31 GMT-0700 (PDT) Logging in...
Sun Apr 16 2017 14:35:33 GMT-0700 (PDT) Accepting terms...
Sun Apr 16 2017 14:35:34 GMT-0700 (PDT) Entering appointment management...
Sun Apr 16 2017 14:35:35 GMT-0700 (PDT) Get the earliest reschedule date...
Sun Apr 16 2017 14:35:35 GMT-0700 (PDT) date = Oct 12, 2017 08:00 AM
Sun Apr 16 2017 14:35:35 GMT-0700 (PDT) Current date found: Oct 12, 2017 08:00 AM
Sun Apr 16 2017 14:35:37 GMT-0700 (PDT) Selecting enrollment center 5446
Sun Apr 16 2017 14:35:37 GMT-0700 (PDT) Found the input and clicking
Sun Apr 16 2017 14:35:37 GMT-0700 (PDT) Clicking next
Sun Apr 16 2017 14:35:40 GMT-0700 (PDT) Checking for earlier appointment...
Sun Apr 16 2017 14:35:40 GMT-0700 (PDT) Next date is October 27, 2017 09:45 PM
2017-04-16 14:35:43.934750: No new appointments. Next available on 2017-10-27 09:45:00 (current is on 2017-10-12 08:00:00)
2017-04-16 14:35:43.935578: Sleeping for 21.53860515 minutes
Sun Apr 16 2017 14:37:10 GMT-0700 (PDT) GOES APPOINTMENT CHECKER
Sun Apr 16 2017 14:37:13 GMT-0700 (PDT) Logging in...
Sun Apr 16 2017 14:37:15 GMT-0700 (PDT) Accepting terms...
Sun Apr 16 2017 14:37:16 GMT-0700 (PDT) Entering appointment management...
Sun Apr 16 2017 14:37:17 GMT-0700 (PDT) Get the earliest reschedule date...
Sun Apr 16 2017 14:37:17 GMT-0700 (PDT) date = Oct 12, 2017 08:00 AM
Sun Apr 16 2017 14:37:17 GMT-0700 (PDT) Current date found: Oct 12, 2017 08:00 AM
Sun Apr 16 2017 14:37:19 GMT-0700 (PDT) Selecting enrollment center 5446
Sun Apr 16 2017 14:37:19 GMT-0700 (PDT) Found the input and clicking
Sun Apr 16 2017 14:37:19 GMT-0700 (PDT) Clicking next
Sun Apr 16 2017 14:38:14 GMT-0700 (PDT) Checking for earlier appointment...
Sun Apr 16 2017 14:38:14 GMT-0700 (PDT) Next date is October 27, 2017 09:45 PM
2017-04-16 14:38:17.043538: No new appointments. Next available on 2017-10-27 09:45:00 (current is on 2017-10-12 08:00:00)
2017-04-16 14:38:17.044389: Sleeping for 15.7295377346 minutes
Sun Apr 16 2017 14:54:02 GMT-0700 (PDT) GOES APPOINTMENT CHECKER
Sun Apr 16 2017 14:54:05 GMT-0700 (PDT) Logging in...
Sun Apr 16 2017 14:54:07 GMT-0700 (PDT) Accepting terms...
Sun Apr 16 2017 14:54:08 GMT-0700 (PDT) Entering appointment management...
Sun Apr 16 2017 14:54:09 GMT-0700 (PDT) Get the earliest reschedule date...
Sun Apr 16 2017 14:54:09 GMT-0700 (PDT) date = Oct 12, 2017 08:00 AM
Sun Apr 16 2017 14:54:09 GMT-0700 (PDT) Current date found: Oct 12, 2017 08:00 AM
Sun Apr 16 2017 14:54:11 GMT-0700 (PDT) Selecting enrollment center 5446
Sun Apr 16 2017 14:54:11 GMT-0700 (PDT) Found the input and clicking
Sun Apr 16 2017 14:54:11 GMT-0700 (PDT) Clicking next
Sun Apr 16 2017 14:54:13 GMT-0700 (PDT) Checking for earlier appointment...
Sun Apr 16 2017 14:54:13 GMT-0700 (PDT) Next date is November 3, 2017 08:45 PM
2017-04-16 14:54:18.024177: No new appointments. Next available on 2017-11-03 08:45:00 (current is on 2017-10-12 08:00:00)
2017-04-16 14:54:18.024648: Sleeping for 21.8995097272 minutes
Sun Apr 16 2017 15:16:13 GMT-0700 (PDT) GOES APPOINTMENT CHECKER
Sun Apr 16 2017 15:16:16 GMT-0700 (PDT) Logging in...
Sun Apr 16 2017 15:16:18 GMT-0700 (PDT) Accepting terms...
Sun Apr 16 2017 15:16:19 GMT-0700 (PDT) Entering appointment management...
Sun Apr 16 2017 15:16:20 GMT-0700 (PDT) Get the earliest reschedule date...
Sun Apr 16 2017 15:16:20 GMT-0700 (PDT) date = Oct 12, 2017 08:00 AM
Sun Apr 16 2017 15:16:20 GMT-0700 (PDT) Current date found: Oct 12, 2017 08:00 AM
Sun Apr 16 2017 15:16:22 GMT-0700 (PDT) Selecting enrollment center 5446
Sun Apr 16 2017 15:16:22 GMT-0700 (PDT) Found the input and clicking
Sun Apr 16 2017 15:16:22 GMT-0700 (PDT) Clicking next
Sun Apr 16 2017 15:18:23 GMT-0700 (PDT) Checking for earlier appointment...
Sun Apr 16 2017 15:18:23 GMT-0700 (PDT) Next date is November 3, 2017 08:45 PM
2017-04-16 15:18:23.863088: No new appointments. Next available on 2017-11-03 08:45:00 (current is on 2017-10-12 08:00:00)
2017-04-16 15:18:23.863239: Sleeping for 19.1461695588 minutes
Sun Apr 16 2017 15:37:34 GMT-0700 (PDT) GOES APPOINTMENT CHECKER
Sun Apr 16 2017 15:37:37 GMT-0700 (PDT) Logging in...
Sun Apr 16 2017 15:37:39 GMT-0700 (PDT) Accepting terms...
Sun Apr 16 2017 15:37:40 GMT-0700 (PDT) Entering appointment management...
Sun Apr 16 2017 15:37:41 GMT-0700 (PDT) Get the earliest reschedule date...
Sun Apr 16 2017 15:37:41 GMT-0700 (PDT) date = Oct 12, 2017 08:00 AM
Sun Apr 16 2017 15:37:41 GMT-0700 (PDT) Current date found: Oct 12, 2017 08:00 AM
Sun Apr 16 2017 15:37:43 GMT-0700 (PDT) Selecting enrollment center 5446
Sun Apr 16 2017 15:37:43 GMT-0700 (PDT) Found the input and clicking
Sun Apr 16 2017 15:37:43 GMT-0700 (PDT) Clicking next
Sun Apr 16 2017 15:37:46 GMT-0700 (PDT) Checking for earlier appointment...
Sun Apr 16 2017 15:37:46 GMT-0700 (PDT) Next date is October 21, 2017 06:45 PM
2017-04-16 15:37:49.114504: No new appointments. Next available on 2017-10-21 06:45:00 (current is on 2017-10-12 08:00:00)
2017-04-16 15:37:49.115035: Sleeping for 17.2051755743 minutes
Sun Apr 16 2017 15:55:02 GMT-0700 (PDT) GOES APPOINTMENT CHECKER
Sun Apr 16 2017 15:55:06 GMT-0700 (PDT) Logging in...
Sun Apr 16 2017 15:55:08 GMT-0700 (PDT) Accepting terms...
Sun Apr 16 2017 15:55:09 GMT-0700 (PDT) Entering appointment management...
Sun Apr 16 2017 15:55:10 GMT-0700 (PDT) Get the earliest reschedule date...
Sun Apr 16 2017 15:55:10 GMT-0700 (PDT) date = Oct 12, 2017 08:00 AM
Sun Apr 16 2017 15:55:10 GMT-0700 (PDT) Current date found: Oct 12, 2017 08:00 AM
Sun Apr 16 2017 15:55:11 GMT-0700 (PDT) Selecting enrollment center 5446
Sun Apr 16 2017 15:55:11 GMT-0700 (PDT) Found the input and clicking
Sun Apr 16 2017 15:55:11 GMT-0700 (PDT) Clicking next
Sun Apr 16 2017 15:55:14 GMT-0700 (PDT) Checking for earlier appointment...
Sun Apr 16 2017 15:55:14 GMT-0700 (PDT) Next date is October 29, 2017 10:45 PM
2017-04-16 15:55:18.095209: No new appointments. Next available on 2017-10-29 10:45:00 (current is on 2017-10-12 08:00:00)
2017-04-16 15:55:18.095371: Sleeping for 17.4345619165 minutes
Sun Apr 16 2017 16:12:45 GMT-0700 (PDT) GOES APPOINTMENT CHECKER
Sun Apr 16 2017 16:12:49 GMT-0700 (PDT) Logging in...
Sun Apr 16 2017 16:12:50 GMT-0700 (PDT) Accepting terms...
Sun Apr 16 2017 16:12:51 GMT-0700 (PDT) Entering appointment management...
Sun Apr 16 2017 16:12:52 GMT-0700 (PDT) Get the earliest reschedule date...
Sun Apr 16 2017 16:12:52 GMT-0700 (PDT) date = Oct 12, 2017 08:00 AM
Sun Apr 16 2017 16:12:52 GMT-0700 (PDT) Current date found: Oct 12, 2017 08:00 AM
Sun Apr 16 2017 16:12:54 GMT-0700 (PDT) Selecting enrollment center 5446
Sun Apr 16 2017 16:12:54 GMT-0700 (PDT) Found the input and clicking
Sun Apr 16 2017 16:12:54 GMT-0700 (PDT) Clicking next
Sun Apr 16 2017 16:12:56 GMT-0700 (PDT) Checking for earlier appointment...
Sun Apr 16 2017 16:12:56 GMT-0700 (PDT) Next date is November 3, 2017 09:15 PM
2017-04-16 16:13:01.178014: No new appointments. Next available on 2017-11-03 09:15:00 (current is on 2017-10-12 08:00:00)
2017-04-16 16:13:01.178166: Sleeping for 9.30284580221 minutes
Sun Apr 16 2017 16:22:20 GMT-0700 (PDT) GOES APPOINTMENT CHECKER
Sun Apr 16 2017 16:22:24 GMT-0700 (PDT) Logging in...
Sun Apr 16 2017 16:22:25 GMT-0700 (PDT) Accepting terms...
Sun Apr 16 2017 16:22:27 GMT-0700 (PDT) Entering appointment management...
Sun Apr 16 2017 16:22:27 GMT-0700 (PDT) Get the earliest reschedule date...
Sun Apr 16 2017 16:22:27 GMT-0700 (PDT) date = Oct 12, 2017 08:00 AM
Sun Apr 16 2017 16:22:27 GMT-0700 (PDT) Current date found: Oct 12, 2017 08:00 AM
Sun Apr 16 2017 16:22:29 GMT-0700 (PDT) Selecting enrollment center 5446
Sun Apr 16 2017 16:22:29 GMT-0700 (PDT) Found the input and clicking
Sun Apr 16 2017 16:22:29 GMT-0700 (PDT) Clicking next
Sun Apr 16 2017 16:22:32 GMT-0700 (PDT) Checking for earlier appointment...
Sun Apr 16 2017 16:22:32 GMT-0700 (PDT) Next date is November 3, 2017 09:15 PM
2017-04-16 16:22:36.016144: No new appointments. Next available on 2017-11-03 09:15:00 (current is on 2017-10-12 08:00:00)
2017-04-16 16:22:36.017672: Sleeping for 13.3140599739 minutes
Sun Apr 16 2017 16:35:56 GMT-0700 (PDT) GOES APPOINTMENT CHECKER
Sun Apr 16 2017 16:36:00 GMT-0700 (PDT) Logging in...
Sun Apr 16 2017 16:36:01 GMT-0700 (PDT) Accepting terms...
Sun Apr 16 2017 16:36:03 GMT-0700 (PDT) Entering appointment management...
Sun Apr 16 2017 16:36:04 GMT-0700 (PDT) Get the earliest reschedule date...
Sun Apr 16 2017 16:36:04 GMT-0700 (PDT) date = Oct 12, 2017 08:00 AM
Sun Apr 16 2017 16:36:04 GMT-0700 (PDT) Current date found: Oct 12, 2017 08:00 AM
Sun Apr 16 2017 16:36:05 GMT-0700 (PDT) Selecting enrollment center 5446
Sun Apr 16 2017 16:36:05 GMT-0700 (PDT) Clicking next
Sun Apr 16 2017 16:36:05 GMT-0700 (PDT) TypeError: null is not an object (evaluating 'document.querySelector('input[name=next]').click')
Sun Apr 16 2017 16:36:05 GMT-0700 (PDT) Checking for earlier appointment...
Sun Apr 16 2017 16:36:05 GMT-0700 (PDT) TypeError: null is not an object (evaluating 'document.querySelector('.date table tr:first-child td:first-child').innerHTML')
Sun Apr 16 2017 16:50:22 GMT-0700 (PDT) GOES APPOINTMENT CHECKER
Sun Apr 16 2017 16:50:25 GMT-0700 (PDT) Logging in...
Sun Apr 16 2017 16:50:27 GMT-0700 (PDT) Accepting terms...
Sun Apr 16 2017 16:50:28 GMT-0700 (PDT) Entering appointment management...
Sun Apr 16 2017 16:50:29 GMT-0700 (PDT) Get the earliest reschedule date...
Sun Apr 16 2017 16:50:29 GMT-0700 (PDT) date = Oct 12, 2017 08:00 AM
Sun Apr 16 2017 16:50:29 GMT-0700 (PDT) Current date found: Oct 12, 2017 08:00 AM
Sun Apr 16 2017 16:50:31 GMT-0700 (PDT) Selecting enrollment center 5446
Sun Apr 16 2017 16:50:31 GMT-0700 (PDT) Found the input and clicking
Sun Apr 16 2017 16:50:31 GMT-0700 (PDT) Clicking next
Sun Apr 16 2017 16:50:33 GMT-0700 (PDT) Checking for earlier appointment...
Sun Apr 16 2017 16:50:33 GMT-0700 (PDT) Next date is November 3, 2017 09:15 PM
2017-04-16 16:50:37.073092: No new appointments. Next available on 2017-11-03 09:15:00 (current is on 2017-10-12 08:00:00)
2017-04-16 16:50:37.074086: Sleeping for 16.1691831197 minutes
Sun Apr 16 2017 17:06:48 GMT-0700 (PDT) GOES APPOINTMENT CHECKER
Sun Apr 16 2017 17:06:53 GMT-0700 (PDT) Logging in...
Sun Apr 16 2017 17:06:55 GMT-0700 (PDT) Accepting terms...
Sun Apr 16 2017 17:06:56 GMT-0700 (PDT) Entering appointment management...
Sun Apr 16 2017 17:06:56 GMT-0700 (PDT) Get the earliest reschedule date...
Sun Apr 16 2017 17:06:56 GMT-0700 (PDT) date = Oct 12, 2017 08:00 AM
Sun Apr 16 2017 17:06:56 GMT-0700 (PDT) Current date found: Oct 12, 2017 08:00 AM
Sun Apr 16 2017 17:06:59 GMT-0700 (PDT) Selecting enrollment center 5446
Sun Apr 16 2017 17:06:59 GMT-0700 (PDT) Found the input and clicking
Sun Apr 16 2017 17:06:59 GMT-0700 (PDT) Clicking next
Sun Apr 16 2017 17:07:03 GMT-0700 (PDT) Checking for earlier appointment...
Sun Apr 16 2017 17:07:03 GMT-0700 (PDT) Next date is September 8, 2017 10:30 PM
Sun Apr 16 2017 17:07:03 GMT-0700 (PDT) Earlier appt available on September 8, 2017 10:30 PM
Sun Apr 16 2017 17:07:04 GMT-0700 (PDT) Scheduling earlier appointment
2017-04-16 17:07:09.639951: Attempting to send notification email...
Sun Apr 16 2017 17:24:30 GMT-0700 (PDT) GOES APPOINTMENT CHECKER
Sun Apr 16 2017 17:24:34 GMT-0700 (PDT) Logging in...
Sun Apr 16 2017 17:24:35 GMT-0700 (PDT) Accepting terms...
Sun Apr 16 2017 17:24:37 GMT-0700 (PDT) Entering appointment management...
Sun Apr 16 2017 17:24:38 GMT-0700 (PDT) Get the earliest reschedule date...
Sun Apr 16 2017 17:24:38 GMT-0700 (PDT) date = Sep 8, 2017 10:30 PM
Sun Apr 16 2017 17:24:38 GMT-0700 (PDT) Current date found: Sep 8, 2017 10:30 PM
Sun Apr 16 2017 17:24:39 GMT-0700 (PDT) Selecting enrollment center 5446
Sun Apr 16 2017 17:24:39 GMT-0700 (PDT) Found the input and clicking
Sun Apr 16 2017 17:24:39 GMT-0700 (PDT) Clicking next
Sun Apr 16 2017 17:24:42 GMT-0700 (PDT) Checking for earlier appointment...
Sun Apr 16 2017 17:24:42 GMT-0700 (PDT) Next date is April 17, 2017 07:30 PM
Sun Apr 16 2017 17:24:42 GMT-0700 (PDT) Earlier appt available on April 17, 2017 07:30 PM
Sun Apr 16 2017 17:24:43 GMT-0700 (PDT) Scheduling earlier appointment
2017-04-16 17:24:46.133700: Attempting to send notification email...
Sun Apr 16 2017 17:24:48 GMT-0700 (PDT) GOES APPOINTMENT CHECKER
Sun Apr 16 2017 17:24:52 GMT-0700 (PDT) Logging in...
Sun Apr 16 2017 17:24:54 GMT-0700 (PDT) Accepting terms...
Sun Apr 16 2017 17:24:55 GMT-0700 (PDT) Entering appointment management...
Sun Apr 16 2017 17:24:56 GMT-0700 (PDT) Get the earliest reschedule date...
Sun Apr 16 2017 17:24:56 GMT-0700 (PDT) date = Apr 17, 2017 07:30 PM
Sun Apr 16 2017 17:24:56 GMT-0700 (PDT) Current date found: Apr 17, 2017 07:30 PM
Sun Apr 16 2017 17:24:58 GMT-0700 (PDT) Selecting enrollment center 5446
Sun Apr 16 2017 17:24:58 GMT-0700 (PDT) Found the input and clicking
Sun Apr 16 2017 17:24:58 GMT-0700 (PDT) Clicking next
Sun Apr 16 2017 17:25:00 GMT-0700 (PDT) Checking for earlier appointment...
Sun Apr 16 2017 17:25:00 GMT-0700 (PDT) Next date is September 8, 2017 10:30 PM
2017-04-16 17:25:04.085679: No new appointments. Next available on 2017-09-08 10:30:00 (current is on 2017-04-17 07:30:00)
2017-04-16 17:25:04.086536: Sleeping for 7.59473592453 minutes
Sun Apr 16 2017 17:32:53 GMT-0700 (PDT) GOES APPOINTMENT CHECKER
Sun Apr 16 2017 17:32:57 GMT-0700 (PDT) Logging in...
Sun Apr 16 2017 17:32:59 GMT-0700 (PDT) Accepting terms...
Sun Apr 16 2017 17:33:00 GMT-0700 (PDT) Entering appointment management...
Sun Apr 16 2017 17:33:02 GMT-0700 (PDT) Get the earliest reschedule date...
Sun Apr 16 2017 17:33:02 GMT-0700 (PDT) date = Sep 8, 2017 10:30 PM
Sun Apr 16 2017 17:33:02 GMT-0700 (PDT) Current date found: Sep 8, 2017 10:30 PM
Sun Apr 16 2017 17:33:06 GMT-0700 (PDT) Selecting enrollment center 5446
Sun Apr 16 2017 17:33:06 GMT-0700 (PDT) Found the input and clicking
Sun Apr 16 2017 17:33:06 GMT-0700 (PDT) Clicking next
Sun Apr 16 2017 17:35:15 GMT-0700 (PDT) Checking for earlier appointment...
Sun Apr 16 2017 17:35:15 GMT-0700 (PDT) Next date is November 3, 2017 09:30 PM
2017-04-16 17:35:17.396459: No new appointments. Next available on 2017-11-03 09:30:00 (current is on 2017-09-08 10:30:00)
2017-04-16 17:35:17.397341: Sleeping for 12.9018337786 minutes
Sun Apr 16 2017 17:48:13 GMT-0700 (PDT) GOES APPOINTMENT CHECKER
Sun Apr 16 2017 17:48:16 GMT-0700 (PDT) Logging in...
Sun Apr 16 2017 17:48:18 GMT-0700 (PDT) Accepting terms...
Sun Apr 16 2017 17:48:19 GMT-0700 (PDT) Entering appointment management...
Sun Apr 16 2017 17:48:20 GMT-0700 (PDT) Get the earliest reschedule date...
Sun Apr 16 2017 17:48:20 GMT-0700 (PDT) date = Sep 8, 2017 10:30 PM
Sun Apr 16 2017 17:48:20 GMT-0700 (PDT) Current date found: Sep 8, 2017 10:30 PM
Sun Apr 16 2017 17:48:21 GMT-0700 (PDT) Selecting enrollment center 5446
Sun Apr 16 2017 17:48:21 GMT-0700 (PDT) Found the input and clicking
Sun Apr 16 2017 17:48:21 GMT-0700 (PDT) Clicking next
Sun Apr 16 2017 17:48:24 GMT-0700 (PDT) Checking for earlier appointment...
Sun Apr 16 2017 17:48:24 GMT-0700 (PDT) Next date is November 3, 2017 09:30 PM
2017-04-16 17:48:28.115552: No new appointments. Next available on 2017-11-03 09:30:00 (current is on 2017-09-08 10:30:00)
2017-04-16 17:48:28.115920: Sleeping for 18.0662784539 minutes
Sun Apr 16 2017 18:02:10 GMT-0700 (PDT) GOES APPOINTMENT CHECKER
Sun Apr 16 2017 18:02:13 GMT-0700 (PDT) Logging in...
Sun Apr 16 2017 18:02:15 GMT-0700 (PDT) Accepting terms...
Sun Apr 16 2017 18:02:17 GMT-0700 (PDT) Entering appointment management...
Sun Apr 16 2017 18:02:18 GMT-0700 (PDT) Get the earliest reschedule date...
Sun Apr 16 2017 18:02:18 GMT-0700 (PDT) date = Sep 8, 2017 10:30 PM
Sun Apr 16 2017 18:02:18 GMT-0700 (PDT) Current date found: Sep 8, 2017 10:30 PM
Sun Apr 16 2017 18:02:21 GMT-0700 (PDT) Selecting enrollment center 5446
Sun Apr 16 2017 18:02:21 GMT-0700 (PDT) Found the input and clicking
Sun Apr 16 2017 18:02:21 GMT-0700 (PDT) Clicking next
Sun Apr 16 2017 18:02:23 GMT-0700 (PDT) Checking for earlier appointment...
Sun Apr 16 2017 18:02:23 GMT-0700 (PDT) Next date is May 1, 2017 10:45 PM
Sun Apr 16 2017 18:02:23 GMT-0700 (PDT) Earlier appt available on May 1, 2017 10:45 PM
Sun Apr 16 2017 18:02:24 GMT-0700 (PDT) Scheduling earlier appointment
2017-04-16 18:02:30.698428: Attempting to send notification email...
Sun Apr 16 2017 18:02:33 GMT-0700 (PDT) GOES APPOINTMENT CHECKER
Sun Apr 16 2017 18:02:37 GMT-0700 (PDT) Logging in...
Sun Apr 16 2017 18:02:38 GMT-0700 (PDT) Accepting terms...
Sun Apr 16 2017 18:02:39 GMT-0700 (PDT) Entering appointment management...
Sun Apr 16 2017 18:02:40 GMT-0700 (PDT) Get the earliest reschedule date...
Sun Apr 16 2017 18:02:40 GMT-0700 (PDT) date = May 1, 2017 10:45 PM
Sun Apr 16 2017 18:02:40 GMT-0700 (PDT) Current date found: May 1, 2017 10:45 PM
Sun Apr 16 2017 18:02:43 GMT-0700 (PDT) Selecting enrollment center 5446
Sun Apr 16 2017 18:02:43 GMT-0700 (PDT) Found the input and clicking
Sun Apr 16 2017 18:02:43 GMT-0700 (PDT) Clicking next
Sun Apr 16 2017 18:02:46 GMT-0700 (PDT) Checking for earlier appointment...
Sun Apr 16 2017 18:02:46 GMT-0700 (PDT) Next date is September 8, 2017 10:30 PM
2017-04-16 18:02:49.784708: No new appointments. Next available on 2017-09-08 10:30:00 (current is on 2017-05-01 10:45:00)
2017-04-16 18:02:49.784959: Sleeping for 14.1533655826 minutes
Sun Apr 16 2017 18:17:00 GMT-0700 (PDT) GOES APPOINTMENT CHECKER
Sun Apr 16 2017 18:17:04 GMT-0700 (PDT) Logging in...
Sun Apr 16 2017 18:17:06 GMT-0700 (PDT) Accepting terms...
Sun Apr 16 2017 18:17:07 GMT-0700 (PDT) Entering appointment management...
Sun Apr 16 2017 18:17:08 GMT-0700 (PDT) Get the earliest reschedule date...
Sun Apr 16 2017 18:17:08 GMT-0700 (PDT) date = May 1, 2017 10:45 PM
Sun Apr 16 2017 18:17:08 GMT-0700 (PDT) Current date found: May 1, 2017 10:45 PM
Sun Apr 16 2017 18:17:11 GMT-0700 (PDT) Selecting enrollment center 5446
Sun Apr 16 2017 18:17:11 GMT-0700 (PDT) Found the input and clicking
Sun Apr 16 2017 18:17:11 GMT-0700 (PDT) Clicking next
Sun Apr 16 2017 18:17:13 GMT-0700 (PDT) Checking for earlier appointment...
Sun Apr 16 2017 18:17:13 GMT-0700 (PDT) Next date is November 3, 2017 09:30 PM
2017-04-16 18:17:15.458051: No new appointments. Next available on 2017-11-03 09:30:00 (current is on 2017-05-01 10:45:00)
2017-04-16 18:17:15.458319: Sleeping for 9.65952030035 minutes
Sun Apr 16 2017 18:26:56 GMT-0700 (PDT) GOES APPOINTMENT CHECKER
Sun Apr 16 2017 18:26:59 GMT-0700 (PDT) Logging in...
Sun Apr 16 2017 18:27:02 GMT-0700 (PDT) Accepting terms...
Sun Apr 16 2017 18:27:05 GMT-0700 (PDT) Entering appointment management...
Sun Apr 16 2017 18:27:06 GMT-0700 (PDT) Get the earliest reschedule date...
Sun Apr 16 2017 18:27:06 GMT-0700 (PDT) date = May 1, 2017 10:45 PM
Sun Apr 16 2017 18:27:06 GMT-0700 (PDT) Current date found: May 1, 2017 10:45 PM
Sun Apr 16 2017 18:27:08 GMT-0700 (PDT) Selecting enrollment center 5446
Sun Apr 16 2017 18:27:08 GMT-0700 (PDT) Found the input and clicking
Sun Apr 16 2017 18:27:08 GMT-0700 (PDT) Clicking next
Sun Apr 16 2017 18:27:10 GMT-0700 (PDT) Checking for earlier appointment...
Sun Apr 16 2017 18:27:10 GMT-0700 (PDT) Next date is April 22, 2017 04:00 PM
Sun Apr 16 2017 18:27:10 GMT-0700 (PDT) Earlier appt available on April 22, 2017 04:00 PM
Sun Apr 16 2017 18:27:11 GMT-0700 (PDT) Scheduling earlier appointment
2017-04-16 18:27:16.969902: Attempting to send notification email...
Sun Apr 16 2017 18:27:19 GMT-0700 (PDT) GOES APPOINTMENT CHECKER
Sun Apr 16 2017 18:27:23 GMT-0700 (PDT) Logging in...
Sun Apr 16 2017 18:27:25 GMT-0700 (PDT) Accepting terms...
Sun Apr 16 2017 18:27:30 GMT-0700 (PDT) Entering appointment management...
Sun Apr 16 2017 18:27:32 GMT-0700 (PDT) Get the earliest reschedule date...
Sun Apr 16 2017 18:27:32 GMT-0700 (PDT) date = Apr 22, 2017 04:00 PM
Sun Apr 16 2017 18:27:32 GMT-0700 (PDT) Current date found: Apr 22, 2017 04:00 PM
Sun Apr 16 2017 18:27:34 GMT-0700 (PDT) Selecting enrollment center 5446
Sun Apr 16 2017 18:27:34 GMT-0700 (PDT) Found the input and clicking
Sun Apr 16 2017 18:27:34 GMT-0700 (PDT) Clicking next
Sun Apr 16 2017 18:27:37 GMT-0700 (PDT) Checking for earlier appointment...
Sun Apr 16 2017 18:27:37 GMT-0700 (PDT) Next date is May 1, 2017 10:45 PM
2017-04-16 18:27:41.143064: No new appointments. Next available on 2017-05-01 10:45:00 (current is on 2017-04-22 04:00:00)
2017-04-16 18:27:41.143321: Sleeping for 11.1514518463 minutes
Sun Apr 16 2017 19:06:56 GMT-0700 (PDT) GOES APPOINTMENT CHECKER
Sun Apr 16 2017 19:07:00 GMT-0700 (PDT) Logging in...
Sun Apr 16 2017 19:07:02 GMT-0700 (PDT) Accepting terms...
Mon Apr 24 2017 20:36:18 GMT-0700 (PDT) GOES APPOINTMENT CHECKER
Mon Apr 24 2017 20:36:22 GMT-0700 (PDT) Logging in...
Mon Apr 24 2017 20:36:24 GMT-0700 (PDT) Accepting terms...
Mon Apr 24 2017 20:36:26 GMT-0700 (PDT) Entering appointment management...
Mon Apr 24 2017 20:36:28 GMT-0700 (PDT) Get the earliest reschedule date...
Mon Apr 24 2017 20:36:28 GMT-0700 (PDT) date = Jun 7, 2017 02:30 PM
Mon Apr 24 2017 20:36:28 GMT-0700 (PDT) Current date found: Jun 7, 2017 02:30 PM
Mon Apr 24 2017 20:36:31 GMT-0700 (PDT) Selecting enrollment center 5446
Mon Apr 24 2017 20:36:31 GMT-0700 (PDT) Found the input and clicking
Mon Apr 24 2017 20:36:31 GMT-0700 (PDT) Clicking next
Mon Apr 24 2017 20:36:34 GMT-0700 (PDT) Checking for earlier appointment...
Mon Apr 24 2017 20:36:34 GMT-0700 (PDT) Next date is October 13, 2017 01:45 PM
2017-04-24 20:36:35.581917: No new appointments. Next available on 2017-10-13 01:45:00 (current is on 2017-06-07 02:30:00)
Mon Apr 24 2017 20:36:46 GMT-0700 (PDT) GOES APPOINTMENT CHECKER
Mon Apr 24 2017 20:36:50 GMT-0700 (PDT) Logging in...
Mon Apr 24 2017 20:36:51 GMT-0700 (PDT) Accepting terms...
Mon Apr 24 2017 20:36:52 GMT-0700 (PDT) Entering appointment management...
Mon Apr 24 2017 20:36:53 GMT-0700 (PDT) Get the earliest reschedule date...
Mon Apr 24 2017 20:36:53 GMT-0700 (PDT) date = Jun 7, 2017 02:30 PM
Mon Apr 24 2017 20:36:53 GMT-0700 (PDT) Current date found: Jun 7, 2017 02:30 PM
Mon Apr 24 2017 20:36:55 GMT-0700 (PDT) Selecting enrollment center 5446
Mon Apr 24 2017 20:36:55 GMT-0700 (PDT) Found the input and clicking
Mon Apr 24 2017 20:36:55 GMT-0700 (PDT) Clicking next
Mon Apr 24 2017 20:36:58 GMT-0700 (PDT) Checking for earlier appointment...
Mon Apr 24 2017 20:36:58 GMT-0700 (PDT) Next date is October 13, 2017 01:45 PM
2017-04-24 20:37:02.603939: No new appointments. Next available on 2017-10-13 01:45:00 (current is on 2017-06-07 02:30:00)
2017-04-24 20:37:02.604123: Sleeping for 11.3112786436 minutes
Mon Apr 24 2017 20:48:23 GMT-0700 (PDT) GOES APPOINTMENT CHECKER
Mon Apr 24 2017 20:48:27 GMT-0700 (PDT) Logging in...
Mon Apr 24 2017 20:48:29 GMT-0700 (PDT) Accepting terms...
Mon Apr 24 2017 20:48:30 GMT-0700 (PDT) Entering appointment management...
Mon Apr 24 2017 20:48:31 GMT-0700 (PDT) Get the earliest reschedule date...
Mon Apr 24 2017 20:48:31 GMT-0700 (PDT) date = Jun 7, 2017 02:30 PM
Mon Apr 24 2017 20:48:31 GMT-0700 (PDT) Current date found: Jun 7, 2017 02:30 PM
Mon Apr 24 2017 20:48:32 GMT-0700 (PDT) Selecting enrollment center 5446
Mon Apr 24 2017 20:48:32 GMT-0700 (PDT) Clicking next
Mon Apr 24 2017 20:48:32 GMT-0700 (PDT) TypeError: null is not an object (evaluating 'document.querySelector('input[name=next]').click')
Mon Apr 24 2017 20:48:32 GMT-0700 (PDT) Checking for earlier appointment...
Mon Apr 24 2017 20:48:32 GMT-0700 (PDT) TypeError: null is not an object (evaluating 'document.querySelector('.date table tr:first-child td:first-child').innerHTML')
Mon Apr 24 2017 20:50:26 GMT-0700 (PDT) GOES APPOINTMENT CHECKER
Mon Apr 24 2017 20:50:33 GMT-0700 (PDT) Logging in...
Mon Apr 24 2017 20:50:35 GMT-0700 (PDT) Accepting terms...
Mon Apr 24 2017 20:50:36 GMT-0700 (PDT) Entering appointment management...
Mon Apr 24 2017 20:50:37 GMT-0700 (PDT) Get the earliest reschedule date...
Mon Apr 24 2017 20:50:37 GMT-0700 (PDT) date = Jun 7, 2017 02:30 PM
Mon Apr 24 2017 20:50:37 GMT-0700 (PDT) Current date found: Jun 7, 2017 02:30 PM
Mon Apr 24 2017 20:50:40 GMT-0700 (PDT) Selecting enrollment center 5446
Mon Apr 24 2017 20:50:40 GMT-0700 (PDT) Found the input and clicking
Mon Apr 24 2017 20:50:40 GMT-0700 (PDT) Clicking next
Mon Apr 24 2017 20:50:42 GMT-0700 (PDT) Checking for earlier appointment...
Mon Apr 24 2017 20:50:42 GMT-0700 (PDT) Next date is November 7, 2017 08:15 AM
2017-04-24 20:50:42.516041: No new appointments. Next available on 2017-11-07 08:15:00 (current is on 2017-06-07 02:30:00)
2017-04-24 20:50:42.516741: Sleeping for 10.5649155294 minutes
Mon Apr 24 2017 21:01:18 GMT-0700 (PDT) GOES APPOINTMENT CHECKER
Mon Apr 24 2017 21:01:22 GMT-0700 (PDT) Logging in...
Mon Apr 24 2017 21:01:24 GMT-0700 (PDT) Accepting terms...
Mon Apr 24 2017 21:01:26 GMT-0700 (PDT) Entering appointment management...
Mon Apr 24 2017 21:01:27 GMT-0700 (PDT) Get the earliest reschedule date...
Mon Apr 24 2017 21:01:27 GMT-0700 (PDT) date = Jun 7, 2017 02:30 PM
Mon Apr 24 2017 21:01:27 GMT-0700 (PDT) Current date found: Jun 7, 2017 02:30 PM
Mon Apr 24 2017 21:01:29 GMT-0700 (PDT) Selecting enrollment center 5446
Mon Apr 24 2017 21:01:29 GMT-0700 (PDT) Found the input and clicking
Mon Apr 24 2017 21:01:29 GMT-0700 (PDT) Clicking next
Mon Apr 24 2017 21:01:32 GMT-0700 (PDT) Checking for earlier appointment...
Mon Apr 24 2017 21:01:32 GMT-0700 (PDT) Next date is November 10, 2017 09:45 AM
2017-04-24 21:01:35.053670: No new appointments. Next available on 2017-11-10 09:45:00 (current is on 2017-06-07 02:30:00)
2017-04-24 21:01:35.054232: Sleeping for 8.88043153966 minutes
Mon Apr 24 2017 21:10:29 GMT-0700 (PDT) GOES APPOINTMENT CHECKER
Mon Apr 24 2017 21:10:33 GMT-0700 (PDT) Logging in...
Mon Apr 24 2017 21:10:35 GMT-0700 (PDT) Accepting terms...
Mon Apr 24 2017 21:10:36 GMT-0700 (PDT) Entering appointment management...
Mon Apr 24 2017 21:10:37 GMT-0700 (PDT) Get the earliest reschedule date...
Mon Apr 24 2017 21:10:37 GMT-0700 (PDT) date = Jun 7, 2017 02:30 PM
Mon Apr 24 2017 21:10:37 GMT-0700 (PDT) Current date found: Jun 7, 2017 02:30 PM
Mon Apr 24 2017 21:10:39 GMT-0700 (PDT) Selecting enrollment center 5446
Mon Apr 24 2017 21:10:39 GMT-0700 (PDT) Found the input and clicking
Mon Apr 24 2017 21:10:39 GMT-0700 (PDT) Clicking next
Mon Apr 24 2017 21:10:41 GMT-0700 (PDT) Checking for earlier appointment...
Mon Apr 24 2017 21:10:41 GMT-0700 (PDT) Next date is September 28, 2017 01:30 PM
2017-04-24 21:10:47.157945: No new appointments. Next available on 2017-09-28 01:30:00 (current is on 2017-06-07 02:30:00)
2017-04-24 21:10:47.158141: Sleeping for 15.3287472754 minutes
Mon Apr 24 2017 21:26:09 GMT-0700 (PDT) GOES APPOINTMENT CHECKER
Mon Apr 24 2017 21:26:13 GMT-0700 (PDT) Logging in...
Mon Apr 24 2017 21:26:14 GMT-0700 (PDT) Accepting terms...
Mon Apr 24 2017 21:26:16 GMT-0700 (PDT) Entering appointment management...
Mon Apr 24 2017 21:26:17 GMT-0700 (PDT) Get the earliest reschedule date...
Mon Apr 24 2017 21:26:17 GMT-0700 (PDT) date = Jun 7, 2017 02:30 PM
Mon Apr 24 2017 21:26:17 GMT-0700 (PDT) Current date found: Jun 7, 2017 02:30 PM
Mon Apr 24 2017 21:26:19 GMT-0700 (PDT) Selecting enrollment center 5446
Mon Apr 24 2017 21:26:19 GMT-0700 (PDT) Found the input and clicking
Mon Apr 24 2017 21:26:19 GMT-0700 (PDT) Clicking next
Mon Apr 24 2017 21:26:21 GMT-0700 (PDT) Checking for earlier appointment...
Mon Apr 24 2017 21:26:21 GMT-0700 (PDT) Next date is September 28, 2017 05:15 PM
2017-04-24 21:26:26.239416: No new appointments. Next available on 2017-09-28 05:15:00 (current is on 2017-06-07 02:30:00)
2017-04-24 21:26:26.240195: Sleeping for 8.87480028587 minutes
Mon Apr 24 2017 21:35:20 GMT-0700 (PDT) GOES APPOINTMENT CHECKER
Mon Apr 24 2017 21:35:24 GMT-0700 (PDT) Logging in...
Mon Apr 24 2017 21:35:26 GMT-0700 (PDT) Accepting terms...
Mon Apr 24 2017 21:35:27 GMT-0700 (PDT) Entering appointment management...
Mon Apr 24 2017 21:35:28 GMT-0700 (PDT) Get the earliest reschedule date...
Mon Apr 24 2017 21:35:28 GMT-0700 (PDT) date = Jun 7, 2017 02:30 PM
Mon Apr 24 2017 21:35:28 GMT-0700 (PDT) Current date found: Jun 7, 2017 02:30 PM
Mon Apr 24 2017 21:35:29 GMT-0700 (PDT) Selecting enrollment center 5446
Mon Apr 24 2017 21:35:29 GMT-0700 (PDT) Found the input and clicking
Mon Apr 24 2017 21:35:29 GMT-0700 (PDT) Clicking next
Mon Apr 24 2017 21:35:32 GMT-0700 (PDT) Checking for earlier appointment...
Mon Apr 24 2017 21:35:32 GMT-0700 (PDT) Next date is November 12, 2017 10:30 PM
2017-04-24 21:35:37.050771: No new appointments. Next available on 2017-11-12 10:30:00 (current is on 2017-06-07 02:30:00)
2017-04-24 21:35:37.051290: Sleeping for 13.519440668 minutes
Mon Apr 24 2017 21:49:10 GMT-0700 (PDT) GOES APPOINTMENT CHECKER
Mon Apr 24 2017 21:49:14 GMT-0700 (PDT) Logging in...
Mon Apr 24 2017 21:49:16 GMT-0700 (PDT) Accepting terms...
Mon Apr 24 2017 21:49:17 GMT-0700 (PDT) Entering appointment management...
Mon Apr 24 2017 21:49:18 GMT-0700 (PDT) Get the earliest reschedule date...
Mon Apr 24 2017 21:49:18 GMT-0700 (PDT) date = Jun 7, 2017 02:30 PM
Mon Apr 24 2017 21:49:18 GMT-0700 (PDT) Current date found: Jun 7, 2017 02:30 PM
Mon Apr 24 2017 21:49:20 GMT-0700 (PDT) Selecting enrollment center 5446
Mon Apr 24 2017 21:49:20 GMT-0700 (PDT) Found the input and clicking
Mon Apr 24 2017 21:49:20 GMT-0700 (PDT) Clicking next
Mon Apr 24 2017 21:49:24 GMT-0700 (PDT) Checking for earlier appointment...
Mon Apr 24 2017 21:49:24 GMT-0700 (PDT) Next date is November 12, 2017 10:30 PM
2017-04-24 21:49:28.264179: No new appointments. Next available on 2017-11-12 10:30:00 (current is on 2017-06-07 02:30:00)
2017-04-24 21:49:28.265227: Sleeping for 20.8401090399 minutes
Mon Apr 24 2017 21:51:28 GMT-0700 (PDT) GOES APPOINTMENT CHECKER
Mon Apr 24 2017 21:51:31 GMT-0700 (PDT) Logging in...
Mon Apr 24 2017 21:51:33 GMT-0700 (PDT) Accepting terms...
Mon Apr 24 2017 21:51:36 GMT-0700 (PDT) Entering appointment management...
Mon Apr 24 2017 21:51:36 GMT-0700 (PDT) Get the earliest reschedule date...
Mon Apr 24 2017 21:51:36 GMT-0700 (PDT) date = Jun 7, 2017 02:30 PM
Mon Apr 24 2017 21:51:36 GMT-0700 (PDT) Current date found: Jun 7, 2017 02:30 PM
Mon Apr 24 2017 21:51:39 GMT-0700 (PDT) Selecting enrollment center 5446
Mon Apr 24 2017 21:51:39 GMT-0700 (PDT) Found the input and clicking
Mon Apr 24 2017 21:51:39 GMT-0700 (PDT) Clicking next
